▲ Next.js 16.1.7 (Turbopack)
- Environments: .env.local

⚠ The "middleware" file convention is deprecated. Please use "proxy" instead. Learn more: https://nextjs.org/docs/messages/middleware-to-proxy
  Creating an optimized production build ...
✓ Compiled successfully in 11.4s
  Running TypeScript ...
  Collecting page data using 3 workers ...
  Generating static pages using 3 workers (0/40) ...
  Generating static pages using 3 workers (10/40) 
  Generating static pages using 3 workers (20/40) 
  Generating static pages using 3 workers (30/40) 
✓ Generating static pages using 3 workers (40/40) in 772.4ms
  Finalizing page optimization ...

Route (app)
┌ ○ /
├ ○ /_not-found
├ ƒ /api/auth/freelancer-sync
├ ƒ /api/auth/manage-user
├ ƒ /api/auth/preferred-view
├ ƒ /api/calendar/[freelancerId]
├ ƒ /api/calendar/token
├ ƒ /api/extract-cutlist
├ ƒ /api/extract-invoice
├ ƒ /api/learnings/embed
├ ƒ /api/onedrive/download
├ ƒ /api/onedrive/upload
├ ƒ /api/onedrive/upload-session
├ ○ /capacity
├ ○ /capacity/add-booking
├ ○ /crew
├ ƒ /crew/[id]
├ ○ /invoices
├ ○ /jobs
├ ƒ /jobs/[id]
├ ƒ /jobs/[id]/scope/[scopeId]
├ ƒ /jobs/[id]/scope/[scopeId]/wo
├ ○ /login
├ ○ /m
├ ○ /m/login
├ ○ /m/maintenance
├ ○ /m/me
├ ○ /m/photos
├ ○ /m/request
├ ○ /m/schedule
├ ○ /m/task
├ ƒ /m/wo/[woId]
├ ○ /maintenance
├ ○ /materials
├ ○ /notifications
├ ○ /orders
├ ○ /pm/jobs
├ ƒ /pm/jobs/[id]
├ ○ /reports
├ ƒ /reports/job-financial/[jobId]
├ ƒ /reports/load-list/[jobId]
├ ○ /review
├ ○ /review/inbox
├ ○ /settings
├ ○ /stock
├ ○ /suppliers
├ ○ /traveller
└ ○ /workshop


ƒ Proxy (Middleware)

○  (Static)   prerendered as static content
ƒ  (Dynamic)  server-rendered on demand

BUILD_DONE  
